<?xml version="1.0" encoding="UTF-8"?>
<!-- Generated by org.testng.reporters.JUnitReportReporter -->
<testsuite hostname="hp-PC" name="com.appium.testcases.VerifyAmount" tests="1" failures="0" timestamp="2 Dec 2019 08:50:46 GMT" time="91.292" errors="0">
  <testcase name="testValidation" time="91.292" classname="com.appium.testcases.VerifyAmount"/>
</testsuite>
