<?xml version="1.0" encoding="UTF-8"?>
<!-- Generated by org.testng.reporters.JUnitReportReporter -->
<testsuite hostname="hp-PC" name="com.appium.testcases.ApiDemoTest" tests="2" failures="0" timestamp="2 Dec 2019 14:09:49 GMT" time="98.648" errors="0">
  <testcase name="apidemotestvalidation" time="56.403" classname="com.appium.testcases.ApiDemoTest"/>
  <testcase name="apidemotestvalidation" time="42.245" classname="com.appium.testcases.ApiDemoTest"/>
</testsuite>
